Error occurred during initialization of VM
Too small initial heap for new size specified
Error: Exception thrown by the agent : java.net.MalformedURLException: Local host name unknown: java.net.UnknownHostException: srv.st-system.org: srv.st-system.org: Name or service not known
May 23, 2014 6:31:12 PM org.apache.catalina.startup.ClassLoaderFactory validateFile
WARNING: Problem with JAR file [/usr/share/java/tomcat/log4j.jar], exists: [false], canRead: [false]
May 23, 2014 6:31:12 PM org.apache.catalina.startup.Catalina initDirs
SEVERE: Cannot find specified temporary folder at 
May 23, 2014 6:31:12 PM org.apache.tomcat.util.digester.Digester fatalError
SEVERE: Parse Fatal Error at line 72 column 133: Attribute "connectionTimeout" was already specified for element "Connector".
org.xml.sax.SAXParseException; systemId: file:/home/klochkov/jolokia/conf/server.xml; lineNumber: 72; columnNumber: 133; Attribute "connectionTimeout" was already specified for element "Connector".
	at com.sun.org.apache.xerces.internal.util.ErrorHandlerWrapper.createSAXParseException(ErrorHandlerWrapper.java:198)
	at com.sun.org.apache.xerces.internal.util.ErrorHandlerWrapper.fatalError(ErrorHandlerWrapper.java:177)
	at com.sun.org.apache.xerces.internal.impl.XMLErrorReporter.reportError(XMLErrorReporter.java:441)
	at com.sun.org.apache.xerces.internal.impl.XMLErrorReporter.reportError(XMLErrorReporter.java:368)
	at com.sun.org.apache.xerces.internal.impl.XMLScanner.reportFatalError(XMLScanner.java:1436)
	at com.sun.org.apache.xerces.internal.impl.XMLDocumentFragmentScannerImpl.scanAttribute(XMLDocumentFragmentScannerImpl.java:1559)
	at com.sun.org.apache.xerces.internal.impl.XMLDocumentFragmentScannerImpl.scanStartElement(XMLDocumentFragmentScannerImpl.java:1318)
	at com.sun.org.apache.xerces.internal.impl.XMLDocumentFragmentScannerImpl$FragmentContentDriver.next(XMLDocumentFragmentScannerImpl.java:2770)
	at com.sun.org.apache.xerces.internal.impl.XMLDocumentScannerImpl.next(XMLDocumentScannerImpl.java:606)
	at com.sun.org.apache.xerces.internal.impl.XMLDocumentFragmentScannerImpl.scanDocument(XMLDocumentFragmentScannerImpl.java:510)
	at com.sun.org.apache.xerces.internal.parsers.XML11Configuration.parse(XML11Configuration.java:848)
	at com.sun.org.apache.xerces.internal.parsers.XML11Configuration.parse(XML11Configuration.java:777)
	at com.sun.org.apache.xerces.internal.parsers.XMLParser.parse(XMLParser.java:141)
	at com.sun.org.apache.xerces.internal.parsers.AbstractSAXParser.parse(AbstractSAXParser.java:1213)
	at com.sun.org.apache.xerces.internal.jaxp.SAXParserImpl$JAXPSAXParser.parse(SAXParserImpl.java:649)
	at org.apache.tomcat.util.digester.Digester.parse(Digester.java:1537)
	at org.apache.catalina.startup.Catalina.load(Catalina.java:610)
	at org.apache.catalina.startup.Catalina.load(Catalina.java:658)
	at sun.reflect.NativeMethodAccessorImpl.invoke0(Native Method)
	at sun.reflect.NativeMethodAccessorImpl.invoke(NativeMethodAccessorImpl.java:57)
	at sun.reflect.DelegatingMethodAccessorImpl.invoke(DelegatingMethodAccessorImpl.java:43)
	at java.lang.reflect.Method.invoke(Method.java:606)
	at org.apache.catalina.startup.Bootstrap.load(Bootstrap.java:281)
	at org.apache.catalina.startup.Bootstrap.main(Bootstrap.java:450)

May 23, 2014 6:31:12 PM org.apache.catalina.startup.Catalina load
WARNING: Catalina.start using conf/server.xml: Attribute "connectionTimeout" was already specified for element "Connector".
May 23, 2014 6:31:12 PM org.apache.catalina.startup.Catalina initDirs
SEVERE: Cannot find specified temporary folder at 
May 23, 2014 6:31:12 PM org.apache.tomcat.util.digester.Digester fatalError
SEVERE: Parse Fatal Error at line 72 column 133: Attribute "connectionTimeout" was already specified for element "Connector".
org.xml.sax.SAXParseException; systemId: file:/home/klochkov/jolokia/conf/server.xml; lineNumber: 72; columnNumber: 133; Attribute "connectionTimeout" was already specified for element "Connector".
	at com.sun.org.apache.xerces.internal.util.ErrorHandlerWrapper.createSAXParseException(ErrorHandlerWrapper.java:198)
	at com.sun.org.apache.xerces.internal.util.ErrorHandlerWrapper.fatalError(ErrorHandlerWrapper.java:177)
	at com.sun.org.apache.xerces.internal.impl.XMLErrorReporter.reportError(XMLErrorReporter.java:441)
	at com.sun.org.apache.xerces.internal.impl.XMLErrorReporter.reportError(XMLErrorReporter.java:368)
	at com.sun.org.apache.xerces.internal.impl.XMLScanner.reportFatalError(XMLScanner.java:1436)
	at com.sun.org.apache.xerces.internal.impl.XMLDocumentFragmentScannerImpl.scanAttribute(XMLDocumentFragmentScannerImpl.java:1559)
	at com.sun.org.apache.xerces.internal.impl.XMLDocumentFragmentScannerImpl.scanStartElement(XMLDocumentFragmentScannerImpl.java:1318)
	at com.sun.org.apache.xerces.internal.impl.XMLDocumentFragmentScannerImpl$FragmentContentDriver.next(XMLDocumentFragmentScannerImpl.java:2770)
	at com.sun.org.apache.xerces.internal.impl.XMLDocumentScannerImpl.next(XMLDocumentScannerImpl.java:606)
	at com.sun.org.apache.xerces.internal.impl.XMLDocumentFragmentScannerImpl.scanDocument(XMLDocumentFragmentScannerImpl.java:510)
	at com.sun.org.apache.xerces.internal.parsers.XML11Configuration.parse(XML11Configuration.java:848)
	at com.sun.org.apache.xerces.internal.parsers.XML11Configuration.parse(XML11Configuration.java:777)
	at com.sun.org.apache.xerces.internal.parsers.XMLParser.parse(XMLParser.java:141)
	at com.sun.org.apache.xerces.internal.parsers.AbstractSAXParser.parse(AbstractSAXParser.java:1213)
	at com.sun.org.apache.xerces.internal.jaxp.SAXParserImpl$JAXPSAXParser.parse(SAXParserImpl.java:649)
	at org.apache.tomcat.util.digester.Digester.parse(Digester.java:1537)
	at org.apache.catalina.startup.Catalina.load(Catalina.java:610)
	at org.apache.catalina.startup.Catalina.start(Catalina.java:672)
	at sun.reflect.NativeMethodAccessorImpl.invoke0(Native Method)
	at sun.reflect.NativeMethodAccessorImpl.invoke(NativeMethodAccessorImpl.java:57)
	at sun.reflect.DelegatingMethodAccessorImpl.invoke(DelegatingMethodAccessorImpl.java:43)
	at java.lang.reflect.Method.invoke(Method.java:606)
	at org.apache.catalina.startup.Bootstrap.start(Bootstrap.java:322)
	at org.apache.catalina.startup.Bootstrap.main(Bootstrap.java:451)

May 23, 2014 6:31:12 PM org.apache.catalina.startup.Catalina load
WARNING: Catalina.start using conf/server.xml: Attribute "connectionTimeout" was already specified for element "Connector".
May 23, 2014 6:31:12 PM org.apache.catalina.startup.Catalina start
SEVERE: Cannot start server. Server instance is not configured.
May 23, 2014 6:31:48 PM org.apache.catalina.startup.ClassLoaderFactory validateFile
WARNING: Problem with JAR file [/usr/share/java/tomcat/log4j.jar], exists: [false], canRead: [false]
May 23, 2014 6:31:48 PM org.apache.catalina.startup.Catalina initDirs
SEVERE: Cannot find specified temporary folder at 
May 23, 2014 6:31:48 PM org.apache.catalina.core.AprLifecycleListener init
INFO: The APR based Apache Tomcat Native library which allows optimal performance in production environments was not found on the java.library.path: /usr/java/packages/lib/amd64:/usr/lib64:/lib64:/lib:/usr/lib
May 23, 2014 6:31:48 PM org.apache.coyote.AbstractProtocol init
INFO: Initializing ProtocolHandler ["http-bio-8080"]
May 23, 2014 6:31:48 PM org.apache.coyote.AbstractProtocol init
INFO: Initializing ProtocolHandler ["ajp-bio-8009"]
May 23, 2014 6:31:48 PM org.apache.catalina.startup.Catalina load
INFO: Initialization processed in 370 ms
May 23, 2014 6:31:48 PM org.apache.catalina.core.StandardService startInternal
INFO: Starting service Catalina
May 23, 2014 6:31:49 PM org.apache.catalina.core.StandardEngine startInternal
INFO: Starting Servlet Engine: Apache Tomcat/7.0.33
May 23, 2014 6:31:49 PM org.apache.catalina.startup.HostConfig deployDirectory
INFO: Deploying web application directory /home/klochkov/jolokia/webapps/jolokia
May 23, 2014 6:31:49 PM org.apache.coyote.AbstractProtocol start
INFO: Starting ProtocolHandler ["http-bio-8080"]
May 23, 2014 6:31:49 PM org.apache.coyote.AbstractProtocol start
INFO: Starting ProtocolHandler ["ajp-bio-8009"]
May 23, 2014 6:31:49 PM org.apache.catalina.startup.Catalina start
INFO: Server startup in 633 ms
May 23, 2014 6:51:15 PM org.apache.coyote.AbstractProtocol pause
INFO: Pausing ProtocolHandler ["http-bio-8080"]
May 23, 2014 6:51:16 PM org.apache.coyote.AbstractProtocol pause
INFO: Pausing ProtocolHandler ["ajp-bio-8009"]
May 23, 2014 6:51:16 PM org.apache.catalina.core.StandardService stopInternal
INFO: Stopping service Catalina
May 23, 2014 6:51:16 PM org.apache.coyote.AbstractProtocol stop
INFO: Stopping ProtocolHandler ["http-bio-8080"]
May 23, 2014 6:51:16 PM org.apache.coyote.AbstractProtocol stop
INFO: Stopping ProtocolHandler ["ajp-bio-8009"]
May 23, 2014 6:51:16 PM org.apache.coyote.AbstractProtocol destroy
INFO: Destroying ProtocolHandler ["http-bio-8080"]
May 23, 2014 6:51:16 PM org.apache.coyote.AbstractProtocol destroy
INFO: Destroying ProtocolHandler ["ajp-bio-8009"]
